2021-08-19 13:15:00,745 INFO  [org.jboss.modules] (main) JBoss Modules version 1.11.0.Final
2021-08-19 13:15:07,868 INFO  [org.jboss.msc] (main) JBoss MSC version 1.4.12.Final
2021-08-19 13:15:08,103 INFO  [org.jboss.threads] (main) JBoss Threads version 2.4.0.Final
2021-08-19 13:15:13,555 INFO  [org.jboss.as] (MSC service thread 1-2) WFLYSRV0049: Keycloak 15.0.0 (WildFly Core 15.0.1.Final) starting
2021-08-19 13:15:13,624 DEBUG [org.jboss.as.config] (MSC service thread 1-2) Configured system properties:
	[Standalone] = 
	awt.toolkit = sun.awt.X11.XToolkit
	file.encoding = UTF-8
	file.separator = /
	java.awt.graphicsenv = sun.awt.X11GraphicsEnvironment
	java.awt.headless = true
	java.awt.printerjob = sun.print.PSPrinterJob
	java.class.path = /home/miguel/keycloak-15.0.0/jboss-modules.jar
	java.class.version = 55.0
	java.home = /usr/lib/jvm/java-11-openjdk-amd64
	java.io.tmpdir = /tmp
	java.library.path = /usr/java/packages/lib:/usr/lib/x86_64-linux-gnu/jni:/lib/x86_64-linux-gnu:/usr/lib/x86_64-linux-gnu:/usr/lib/jni:/lib:/usr/lib
	java.net.preferIPv4Stack = true
	java.runtime.name = OpenJDK Runtime Environment
	java.runtime.version = 11.0.11+9-Ubuntu-0ubuntu2.20.04
	java.specification.name = Java Platform API Specification
	java.specification.vendor = Oracle Corporation
	java.specification.version = 11
	java.util.logging.manager = org.jboss.logmanager.LogManager
	java.vendor = Ubuntu
	java.vendor.url = https://ubuntu.com/
	java.vendor.url.bug = https://bugs.launchpad.net/ubuntu/+source/openjdk-lts
	java.version = 11.0.11
	java.version.date = 2021-04-20
	java.vm.compressedOopsMode = 32-bit
	java.vm.info = mixed mode, sharing
	java.vm.name = OpenJDK 64-Bit Server VM
	java.vm.specification.name = Java Virtual Machine Specification
	java.vm.specification.vendor = Oracle Corporation
	java.vm.specification.version = 11
	java.vm.vendor = Ubuntu
	java.vm.version = 11.0.11+9-Ubuntu-0ubuntu2.20.04
	javax.management.builder.initial = org.jboss.as.jmx.PluggableMBeanServerBuilder
	jboss.home.dir = /home/miguel/keycloak-15.0.0
	jboss.host.name = zeyou
	jboss.modules.dir = /home/miguel/keycloak-15.0.0/modules
	jboss.modules.system.pkgs = org.jboss.byteman
	jboss.node.name = zeyou
	jboss.qualified.host.name = zeyou
	jboss.server.base.dir = /home/miguel/keycloak-15.0.0/standalone
	jboss.server.config.dir = /home/miguel/keycloak-15.0.0/standalone/configuration
	jboss.server.data.dir = /home/miguel/keycloak-15.0.0/standalone/data
	jboss.server.deploy.dir = /home/miguel/keycloak-15.0.0/standalone/data/content
	jboss.server.log.dir = /home/miguel/keycloak-15.0.0/standalone/log
	jboss.server.name = zeyou
	jboss.server.persist.config = true
	jboss.server.temp.dir = /home/miguel/keycloak-15.0.0/standalone/tmp
	jdk.debug = release
	line.separator = 

	logging.configuration = file:/home/miguel/keycloak-15.0.0/standalone/configuration/logging.properties
	module.path = /home/miguel/keycloak-15.0.0/modules
	org.jboss.boot.log.file = /home/miguel/keycloak-15.0.0/standalone/log/server.log
	org.jboss.resolver.warning = true
	os.arch = amd64
	os.name = Linux
	os.version = 5.4.0-81-generic
	path.separator = :
	sun.arch.data.model = 64
	sun.boot.library.path = /usr/lib/jvm/java-11-openjdk-amd64/lib
	sun.cpu.endian = little
	sun.cpu.isalist = 
	sun.desktop = gnome
	sun.io.unicode.encoding = UnicodeLittle
	sun.java.command = /home/miguel/keycloak-15.0.0/jboss-modules.jar -mp /home/miguel/keycloak-15.0.0/modules org.jboss.as.standalone -Djboss.home.dir=/home/miguel/keycloak-15.0.0 -Djboss.server.base.dir=/home/miguel/keycloak-15.0.0/standalone
	sun.java.launcher = SUN_STANDARD
	sun.jnu.encoding = UTF-8
	sun.management.compiler = HotSpot 64-Bit Tiered Compilers
	sun.os.patch.level = unknown
	user.country = ES
	user.dir = /home/miguel/keycloak-15.0.0/bin
	user.home = /home/miguel
	user.language = es
	user.name = miguel
	user.timezone = Europe/Madrid
2021-08-19 13:15:13,668 DEBUG [org.jboss.as.config] (MSC service thread 1-2) VM Arguments: -D[Standalone] -Xms64m -Xmx512m -XX:MetaspaceSize=96M -XX:MaxMetaspaceSize=256m -Djava.net.preferIPv4Stack=true -Djboss.modules.system.pkgs=org.jboss.byteman -Djava.awt.headless=true --add-exports=java.base/sun.nio.ch=ALL-UNNAMED --add-exports=jdk.unsupported/sun.misc=ALL-UNNAMED --add-exports=jdk.unsupported/sun.reflect=ALL-UNNAMED -Dorg.jboss.boot.log.file=/home/miguel/keycloak-15.0.0/standalone/log/server.log -Dlogging.configuration=file:/home/miguel/keycloak-15.0.0/standalone/configuration/logging.properties 
2021-08-19 13:15:50,105 INFO  [org.wildfly.security] (ServerService Thread Pool -- 20) ELY00001: WildFly Elytron version 1.15.3.Final
2021-08-19 13:16:44,504 INFO  [org.jboss.as.controller.management-deprecated] (ServerService Thread Pool -- 38) WFLYCTL0033: Extension 'security' is deprecated and may not be supported in future versions
2021-08-19 13:16:55,701 INFO  [org.jboss.as.controller.management-deprecated] (Controller Boot Thread) WFLYCTL0028: Attribute 'security-realm' in the resource at address '/core-service=management/management-interface=http-interface' is deprecated, and may be removed in a future version. See the attribute description in the output of the read-resource-description operation to learn more about the deprecation.
2021-08-19 13:16:55,866 INFO  [org.jboss.as.controller.management-deprecated] (ServerService Thread Pool -- 45) WFLYCTL0028: Attribute 'security-realm' in the resource at address '/subsystem=undertow/server=default-server/https-listener=https' is deprecated, and may be removed in a future version. See the attribute description in the output of the read-resource-description operation to learn more about the deprecation.
2021-08-19 13:16:56,640 INFO  [org.jboss.as.server] (Controller Boot Thread) WFLYSRV0039: Creating http management service using socket-binding (management-http)
2021-08-19 13:16:56,924 INFO  [org.xnio] (MSC service thread 1-5) XNIO version 3.8.4.Final
2021-08-19 13:16:57,207 INFO  [org.xnio.nio] (MSC service thread 1-5) XNIO NIO Implementation Version 3.8.4.Final
2021-08-19 13:16:57,258 INFO  [org.jboss.as.clustering.infinispan] (ServerService Thread Pool -- 61) WFLYCLINF0001: Activating Infinispan subsystem.
2021-08-19 13:16:57,397 WARN  [org.jboss.as.txn] (ServerService Thread Pool -- 75) WFLYTX0013: The node-identifier attribute on the /subsystem=transactions is set to the default value. This is a danger for environments running multiple servers. Please make sure the attribute value is unique.
2021-08-19 13:16:57,557 INFO  [org.wildfly.extension.health] (ServerService Thread Pool -- 60) WFLYHEALTH0001: Activating Base Health Subsystem
2021-08-19 13:16:57,561 INFO  [org.jboss.as.security] (ServerService Thread Pool -- 73) WFLYSEC0002: Activating Security Subsystem
2021-08-19 13:16:57,547 INFO  [org.jboss.as.naming] (ServerService Thread Pool -- 70) WFLYNAM0001: Activating Naming Subsystem
2021-08-19 13:16:58,095 INFO  [org.wildfly.extension.io] (ServerService Thread Pool -- 62) WFLYIO001: Worker 'default' has auto-configured to 8 IO threads with 64 max task threads based on your 4 available processors
2021-08-19 13:16:58,098 INFO  [org.wildfly.extension.metrics] (ServerService Thread Pool -- 69) WFLYMETRICS0001: Activating Base Metrics Subsystem
2021-08-19 13:16:58,515 INFO  [org.jboss.as.naming] (MSC service thread 1-4) WFLYNAM0003: Starting Naming Service
2021-08-19 13:16:58,516 INFO  [org.jboss.as.mail.extension] (MSC service thread 1-3) WFLYMAIL0001: Bound mail session [java:jboss/mail/Default]
2021-08-19 13:16:58,537 INFO  [org.jboss.as.connector.subsystems.datasources] (ServerService Thread Pool -- 55) WFLYJCA0004: Deploying JDBC-compliant driver class org.h2.Driver (version 1.4)
2021-08-19 13:16:58,583 INFO  [org.jboss.as.connector] (MSC service thread 1-3) WFLYJCA0009: Starting Jakarta Connectors Subsystem (WildFly/IronJacamar 1.4.27.Final)
2021-08-19 13:16:58,601 INFO  [org.jboss.as.connector.deployers.jdbc] (MSC service thread 1-6) WFLYJCA0018: Started Driver service with driver-name = h2
2021-08-19 13:16:58,658 INFO  [org.jboss.as.security] (MSC service thread 1-2) WFLYSEC0001: Current PicketBox version=5.0.3.Final-redhat-00007
2021-08-19 13:16:58,688 INFO  [org.jboss.remoting] (MSC service thread 1-7) JBoss Remoting version 5.0.20.Final
2021-08-19 13:16:59,922 WARN  [org.wildfly.extension.elytron] (MSC service thread 1-1) WFLYELY00023: KeyStore file '/home/miguel/keycloak-15.0.0/standalone/configuration/application.keystore' does not exist. Used blank.
2021-08-19 13:17:00,469 WARN  [org.wildfly.extension.elytron] (MSC service thread 1-1) WFLYELY01084: KeyStore /home/miguel/keycloak-15.0.0/standalone/configuration/application.keystore not found, it will be auto generated on first use with a self-signed certificate for host localhost
2021-08-19 13:17:00,837 INFO  [org.jboss.as.jaxrs] (ServerService Thread Pool -- 63) WFLYRS0016: RESTEasy version 3.15.1.Final
2021-08-19 13:17:01,083 INFO  [org.wildfly.extension.undertow] (MSC service thread 1-3) WFLYUT0003: Undertow 2.2.5.Final starting
2021-08-19 13:17:04,333 WARN  [org.wildfly.clustering.web.undertow] (ServerService Thread Pool -- 76) WFLYCLWEBUT0007: No routing provider found for default-server; using legacy provider based on static configuration
2021-08-19 13:17:05,567 INFO  [org.wildfly.extension.undertow] (ServerService Thread Pool -- 76) WFLYUT0014: Creating file handler for path '/home/miguel/keycloak-15.0.0/welcome-content' with options [directory-listing: 'false', follow-symlink: 'false', case-sensitive: 'true', safe-symlink-paths: '[]']
2021-08-19 13:17:05,925 INFO  [org.jboss.as.ejb3] (MSC service thread 1-4) WFLYEJB0493: Jakarta Enterprise Beans subsystem suspension complete
2021-08-19 13:17:05,992 INFO  [org.jboss.as.ejb3] (MSC service thread 1-3) WFLYEJB0482: Strict pool mdb-strict-max-pool is using a max instance size of 16 (per class), which is derived from the number of CPUs on this host.
2021-08-19 13:17:05,993 INFO  [org.jboss.as.ejb3] (MSC service thread 1-3) WFLYEJB0481: Strict pool slsb-strict-max-pool is using a max instance size of 64 (per class), which is derived from thread worker pool sizing.
2021-08-19 13:17:06,216 INFO  [org.wildfly.extension.undertow] (MSC service thread 1-7) WFLYUT0012: Started server default-server.
2021-08-19 13:17:06,218 INFO  [org.wildfly.extension.undertow] (MSC service thread 1-2) Queuing requests.
2021-08-19 13:17:06,220 INFO  [org.wildfly.extension.undertow] (MSC service thread 1-2) WFLYUT0018: Host default-host starting
2021-08-19 13:17:06,315 INFO  [org.jboss.as.connector.subsystems.datasources] (MSC service thread 1-3) WFLYJCA0001: Bound data source [java:jboss/datasources/KeycloakDS]
2021-08-19 13:17:06,323 INFO  [org.jboss.as.connector.subsystems.datasources] (MSC service thread 1-6) WFLYJCA0001: Bound data source [java:jboss/datasources/ExampleDS]
2021-08-19 13:17:06,394 INFO  [org.wildfly.extension.undertow] (MSC service thread 1-4) WFLYUT0006: Undertow HTTP listener default listening on 127.0.0.1:9000
2021-08-19 13:17:09,641 WARN  [org.jboss.as.domain.management.security] (MSC service thread 1-6) WFLYDM0111: Keystore /home/miguel/keycloak-15.0.0/standalone/configuration/application.keystore not found, it will be auto generated on first use with a self signed certificate for host localhost
2021-08-19 13:17:09,657 INFO  [org.jboss.as.server.deployment.scanner] (MSC service thread 1-4) WFLYDS0013: Started FileSystemDeploymentService for directory /home/miguel/keycloak-15.0.0/standalone/deployments
2021-08-19 13:17:09,665 INFO  [org.jboss.as.patching] (MSC service thread 1-5) WFLYPAT0050: Keycloak cumulative patch ID is: base, one-off patches include: none
2021-08-19 13:17:09,780 INFO  [org.jboss.as.server.deployment] (MSC service thread 1-1) WFLYSRV0027: Starting deployment of "keycloak-server.war" (runtime-name: "keycloak-server.war")
2021-08-19 13:17:10,099 INFO  [org.wildfly.extension.undertow] (MSC service thread 1-6) WFLYUT0006: Undertow HTTPS listener https listening on 127.0.0.1:8443
2021-08-19 13:17:18,134 INFO  [org.infinispan.CONTAINER] (ServerService Thread Pool -- 81) ISPN000128: Infinispan version: Infinispan 'Corona Extra' 11.0.9.Final
2021-08-19 13:17:18,353 INFO  [org.infinispan.CONFIG] (MSC service thread 1-2) ISPN000152: Passivation configured without an eviction policy being selected. Only manually evicted entities will be passivated.
2021-08-19 13:17:18,356 INFO  [org.infinispan.CONFIG] (MSC service thread 1-2) ISPN000152: Passivation configured without an eviction policy being selected. Only manually evicted entities will be passivated.
2021-08-19 13:17:18,420 INFO  [org.infinispan.PERSISTENCE] (ServerService Thread Pool -- 81) ISPN000556: Starting user marshaller 'org.wildfly.clustering.infinispan.marshalling.jboss.JBossMarshaller'
2021-08-19 13:17:18,420 INFO  [org.infinispan.PERSISTENCE] (ServerService Thread Pool -- 79) ISPN000556: Starting user marshaller 'org.wildfly.clustering.infinispan.spi.marshalling.InfinispanProtoStreamMarshaller'
2021-08-19 13:17:18,834 INFO  [org.jboss.as.clustering.infinispan] (ServerService Thread Pool -- 79) WFLYCLINF0002: Started http-remoting-connector cache from ejb container
2021-08-19 13:17:18,867 INFO  [org.jboss.as.clustering.infinispan] (ServerService Thread Pool -- 90) WFLYCLINF0002: Started offlineClientSessions cache from keycloak container
2021-08-19 13:17:18,879 INFO  [org.jboss.as.clustering.infinispan] (ServerService Thread Pool -- 81) WFLYCLINF0002: Started sessions cache from keycloak container
2021-08-19 13:17:18,881 INFO  [org.jboss.as.clustering.infinispan] (ServerService Thread Pool -- 82) WFLYCLINF0002: Started offlineSessions cache from keycloak container
2021-08-19 13:17:18,883 INFO  [org.jboss.as.clustering.infinispan] (ServerService Thread Pool -- 88) WFLYCLINF0002: Started actionTokens cache from keycloak container
2021-08-19 13:17:18,886 INFO  [org.jboss.as.clustering.infinispan] (ServerService Thread Pool -- 83) WFLYCLINF0002: Started loginFailures cache from keycloak container
2021-08-19 13:17:18,891 INFO  [org.jboss.as.clustering.infinispan] (ServerService Thread Pool -- 85) WFLYCLINF0002: Started work cache from keycloak container
2021-08-19 13:17:18,893 INFO  [org.jboss.as.clustering.infinispan] (ServerService Thread Pool -- 87) WFLYCLINF0002: Started authenticationSessions cache from keycloak container
2021-08-19 13:17:18,902 INFO  [org.jboss.as.clustering.infinispan] (ServerService Thread Pool -- 91) WFLYCLINF0002: Started clientSessions cache from keycloak container
2021-08-19 13:17:18,983 INFO  [org.jboss.as.clustering.infinispan] (ServerService Thread Pool -- 86) WFLYCLINF0002: Started keys cache from keycloak container
2021-08-19 13:17:18,983 INFO  [org.jboss.as.clustering.infinispan] (ServerService Thread Pool -- 92) WFLYCLINF0002: Started users cache from keycloak container
2021-08-19 13:17:18,986 INFO  [org.jboss.as.clustering.infinispan] (ServerService Thread Pool -- 89) WFLYCLINF0002: Started realms cache from keycloak container
2021-08-19 13:17:18,993 INFO  [org.jboss.as.clustering.infinispan] (ServerService Thread Pool -- 84) WFLYCLINF0002: Started authorization cache from keycloak container
2021-08-19 13:17:19,653 WARN  [org.jboss.as.server.deployment] (MSC service thread 1-2) WFLYSRV0273: Excluded subsystem webservices via jboss-deployment-structure.xml does not exist.
2021-08-19 13:17:22,373 INFO  [org.keycloak.services] (ServerService Thread Pool -- 84) KC-SERVICES0001: Loading config from standalone.xml or domain.xml
2021-08-19 13:17:25,377 INFO  [org.keycloak.url.DefaultHostnameProviderFactory] (ServerService Thread Pool -- 84) Frontend: <request>, Admin: <frontend>, Backend: <request>
2021-08-19 13:17:26,260 INFO  [org.jboss.as.clustering.infinispan] (ServerService Thread Pool -- 84) WFLYCLINF0002: Started realmRevisions cache from keycloak container
2021-08-19 13:17:26,269 INFO  [org.jboss.as.clustering.infinispan] (ServerService Thread Pool -- 84) WFLYCLINF0002: Started userRevisions cache from keycloak container
2021-08-19 13:17:26,278 INFO  [org.jboss.as.clustering.infinispan] (ServerService Thread Pool -- 84) WFLYCLINF0002: Started authorizationRevisions cache from keycloak container
2021-08-19 13:17:26,280 INFO  [org.keycloak.connections.infinispan.DefaultInfinispanConnectionProviderFactory] (ServerService Thread Pool -- 84) Node name: zeyou, Site name: null
2021-08-19 13:17:29,057 INFO  [org.keycloak.connections.jpa.DefaultJpaConnectionProviderFactory] (ServerService Thread Pool -- 84) Database info: {databaseUrl=jdbc:h2:/home/miguel/keycloak-15.0.0/standalone/data/keycloak, databaseUser=SA, databaseProduct=H2 1.4.197 (2018-03-18), databaseDriver=H2 JDBC Driver 1.4.197 (2018-03-18)}
2021-08-19 13:17:31,955 INFO  [org.hibernate.jpa.internal.util.LogHelper] (ServerService Thread Pool -- 84) HHH000204: Processing PersistenceUnitInfo [
	name: keycloak-default
	...]
2021-08-19 13:17:32,212 INFO  [org.hibernate.Version] (ServerService Thread Pool -- 84) HHH000412: Hibernate Core {5.3.20.Final}
2021-08-19 13:17:32,213 INFO  [org.hibernate.cfg.Environment] (ServerService Thread Pool -- 84) HHH000206: hibernate.properties not found
2021-08-19 13:17:33,711 INFO  [org.hibernate.annotations.common.Version] (ServerService Thread Pool -- 84) HCANN000001: Hibernate Commons Annotations {5.0.5.Final}
2021-08-19 13:17:34,295 INFO  [org.hibernate.dialect.Dialect] (ServerService Thread Pool -- 84) HHH000400: Using dialect: org.hibernate.dialect.H2Dialect
2021-08-19 13:17:34,444 INFO  [org.hibernate.envers.boot.internal.EnversServiceImpl] (ServerService Thread Pool -- 84) Envers integration enabled? : true
2021-08-19 13:17:35,357 INFO  [org.hibernate.orm.beans] (ServerService Thread Pool -- 84) HHH10005002: No explicit CDI BeanManager reference was passed to Hibernate, but CDI is available on the Hibernate ClassLoader.
2021-08-19 13:17:35,510 INFO  [org.hibernate.validator.internal.util.Version] (ServerService Thread Pool -- 84) HV000001: Hibernate Validator 6.0.22.Final
2021-08-19 13:17:37,639 INFO  [org.hibernate.hql.internal.QueryTranslatorFactoryInitiator] (ServerService Thread Pool -- 84) HHH000397: Using ASTQueryTranslatorFactory
2021-08-19 13:17:39,468 INFO  [org.jboss.resteasy.resteasy_jaxrs.i18n] (ServerService Thread Pool -- 84) RESTEASY002225: Deploying javax.ws.rs.core.Application: class org.keycloak.services.resources.KeycloakApplication
2021-08-19 13:17:39,470 INFO  [org.jboss.resteasy.resteasy_jaxrs.i18n] (ServerService Thread Pool -- 84) RESTEASY002205: Adding provider class org.keycloak.services.error.KeycloakErrorHandler from Application class org.keycloak.services.resources.KeycloakApplication
2021-08-19 13:17:39,471 INFO  [org.jboss.resteasy.resteasy_jaxrs.i18n] (ServerService Thread Pool -- 84) RESTEASY002200: Adding class resource org.keycloak.services.resources.ThemeResource from Application class org.keycloak.services.resources.KeycloakApplication
2021-08-19 13:17:39,472 INFO  [org.jboss.resteasy.resteasy_jaxrs.i18n] (ServerService Thread Pool -- 84) RESTEASY002205: Adding provider class org.keycloak.services.filters.KeycloakSecurityHeadersFilter from Application class org.keycloak.services.resources.KeycloakApplication
2021-08-19 13:17:39,473 INFO  [org.jboss.resteasy.resteasy_jaxrs.i18n] (ServerService Thread Pool -- 84) RESTEASY002200: Adding class resource org.keycloak.services.resources.JsResource from Application class org.keycloak.services.resources.KeycloakApplication
2021-08-19 13:17:39,473 INFO  [org.jboss.resteasy.resteasy_jaxrs.i18n] (ServerService Thread Pool -- 84) RESTEASY002220: Adding singleton resource org.keycloak.services.resources.RobotsResource from Application class org.keycloak.services.resources.KeycloakApplication
2021-08-19 13:17:39,473 INFO  [org.jboss.resteasy.resteasy_jaxrs.i18n] (ServerService Thread Pool -- 84) RESTEASY002220: Adding singleton resource org.keycloak.services.resources.admin.AdminRoot from Application class org.keycloak.services.resources.KeycloakApplication
2021-08-19 13:17:39,474 INFO  [org.jboss.resteasy.resteasy_jaxrs.i18n] (ServerService Thread Pool -- 84) RESTEASY002210: Adding provider singleton org.keycloak.services.util.ObjectMapperResolver from Application class org.keycloak.services.resources.KeycloakApplication
2021-08-19 13:17:39,474 INFO  [org.jboss.resteasy.resteasy_jaxrs.i18n] (ServerService Thread Pool -- 84) RESTEASY002220: Adding singleton resource org.keycloak.services.resources.WelcomeResource from Application class org.keycloak.services.resources.KeycloakApplication
2021-08-19 13:17:39,474 INFO  [org.jboss.resteasy.resteasy_jaxrs.i18n] (ServerService Thread Pool -- 84) RESTEASY002220: Adding singleton resource org.keycloak.services.resources.RealmsResource from Application class org.keycloak.services.resources.KeycloakApplication
2021-08-19 13:17:39,781 INFO  [org.wildfly.extension.undertow] (ServerService Thread Pool -- 84) WFLYUT0021: Registered web context: '/auth' for server 'default-server'
2021-08-19 13:17:39,995 INFO  [org.jboss.as.server] (ServerService Thread Pool -- 67) WFLYSRV0010: Deployed "keycloak-server.war" (runtime-name : "keycloak-server.war")
2021-08-19 13:17:40,142 INFO  [org.jboss.as.server] (Controller Boot Thread) WFLYSRV0212: Resuming server
2021-08-19 13:17:40,145 INFO  [org.jboss.as] (Controller Boot Thread) WFLYSRV0025: Keycloak 15.0.0 (WildFly Core 15.0.1.Final) started in 164210ms - Started 594 of 872 services (584 services are lazy, passive or on-demand)
2021-08-19 13:17:40,147 INFO  [org.jboss.as] (Controller Boot Thread) WFLYSRV0060: Http management interface listening on http://127.0.0.1:9990/management
2021-08-19 13:17:40,148 INFO  [org.jboss.as] (Controller Boot Thread) WFLYSRV0051: Admin console listening on http://127.0.0.1:9990
2021-08-19 21:18:07,983 INFO  [org.jboss.as.server] (Thread-1) WFLYSRV0272: Suspending server
2021-08-19 21:18:08,244 INFO  [org.jboss.as.ejb3] (Thread-1) WFLYEJB0493: Jakarta Enterprise Beans subsystem suspension complete
2021-08-19 21:18:08,331 INFO  [org.jboss.as.server] (Thread-1) WFLYSRV0220: Server shutdown has been requested via an OS signal
2021-08-19 21:18:09,370 INFO  [org.jboss.as.mail.extension] (MSC service thread 1-4) WFLYMAIL0002: Unbound mail session [java:jboss/mail/Default]
2021-08-19 21:18:09,427 INFO  [org.jboss.as.connector.subsystems.datasources] (MSC service thread 1-2) WFLYJCA0010: Unbound data source [java:jboss/datasources/KeycloakDS]
2021-08-19 21:18:09,577 INFO  [org.wildfly.extension.undertow] (ServerService Thread Pool -- 50) WFLYUT0022: Unregistered web context: '/auth' from server 'default-server'
2021-08-19 21:18:09,623 INFO  [org.wildfly.extension.undertow] (MSC service thread 1-1) WFLYUT0008: Undertow HTTPS listener https suspending
2021-08-19 21:18:09,761 INFO  [org.wildfly.extension.undertow] (MSC service thread 1-1) WFLYUT0007: Undertow HTTPS listener https stopped, was bound to 127.0.0.1:8443
2021-08-19 21:18:10,430 INFO  [org.jboss.as.connector.subsystems.datasources] (MSC service thread 1-6) WFLYJCA0010: Unbound data source [java:jboss/datasources/ExampleDS]
2021-08-19 21:18:10,462 INFO  [org.jboss.as.connector.deployers.jdbc] (MSC service thread 1-3) WFLYJCA0019: Stopped Driver service with driver-name = h2
2021-08-19 21:18:11,301 INFO  [org.wildfly.extension.undertow] (MSC service thread 1-8) WFLYUT0019: Host default-host stopping
2021-08-19 21:18:11,627 INFO  [org.jboss.as.clustering.infinispan] (ServerService Thread Pool -- 50) WFLYCLINF0003: Stopped keys cache from keycloak container
2021-08-19 21:18:11,627 INFO  [org.jboss.as.clustering.infinispan] (ServerService Thread Pool -- 104) WFLYCLINF0003: Stopped work cache from keycloak container
2021-08-19 21:18:11,682 INFO  [org.jboss.as.clustering.infinispan] (ServerService Thread Pool -- 95) WFLYCLINF0003: Stopped actionTokens cache from keycloak container
2021-08-19 21:18:11,683 INFO  [org.jboss.as.clustering.infinispan] (ServerService Thread Pool -- 98) WFLYCLINF0003: Stopped offlineClientSessions cache from keycloak container
2021-08-19 21:18:11,683 INFO  [org.jboss.as.clustering.infinispan] (ServerService Thread Pool -- 100) WFLYCLINF0003: Stopped sessions cache from keycloak container
2021-08-19 21:18:11,684 INFO  [org.jboss.as.clustering.infinispan] (ServerService Thread Pool -- 94) WFLYCLINF0003: Stopped clientSessions cache from keycloak container
2021-08-19 21:18:11,685 INFO  [org.jboss.as.clustering.infinispan] (ServerService Thread Pool -- 96) WFLYCLINF0003: Stopped authorization cache from keycloak container
2021-08-19 21:18:11,687 INFO  [org.jboss.as.clustering.infinispan] (ServerService Thread Pool -- 102) WFLYCLINF0003: Stopped authenticationSessions cache from keycloak container
2021-08-19 21:18:11,686 INFO  [org.jboss.as.clustering.infinispan] (ServerService Thread Pool -- 101) WFLYCLINF0003: Stopped loginFailures cache from keycloak container
2021-08-19 21:18:11,688 INFO  [org.jboss.as.clustering.infinispan] (ServerService Thread Pool -- 99) WFLYCLINF0003: Stopped offlineSessions cache from keycloak container
2021-08-19 21:18:11,847 INFO  [org.wildfly.extension.undertow] (MSC service thread 1-3) WFLYUT0008: Undertow HTTP listener default suspending
2021-08-19 21:18:11,884 INFO  [org.wildfly.extension.undertow] (MSC service thread 1-3) WFLYUT0007: Undertow HTTP listener default stopped, was bound to 127.0.0.1:9000
2021-08-19 21:18:12,129 INFO  [org.wildfly.extension.undertow] (MSC service thread 1-2) WFLYUT0004: Undertow 2.2.5.Final stopping
2021-08-19 21:18:12,129 INFO  [org.jboss.as.clustering.infinispan] (ServerService Thread Pool -- 97) WFLYCLINF0003: Stopped users cache from keycloak container
2021-08-19 21:18:12,351 INFO  [org.jboss.as.clustering.infinispan] (ServerService Thread Pool -- 103) WFLYCLINF0003: Stopped realms cache from keycloak container
2021-08-19 21:18:12,366 INFO  [org.infinispan.manager.DefaultCacheManager] (ServerService Thread Pool -- 103) Stopping cache manager null on null
2021-08-19 21:18:12,439 INFO  [org.jboss.as.server.deployment] (MSC service thread 1-1) WFLYSRV0028: Stopped deployment keycloak-server.war (runtime-name: keycloak-server.war) in 3979ms
2021-08-19 21:18:13,465 INFO  [org.jboss.as.clustering.infinispan] (ServerService Thread Pool -- 93) WFLYCLINF0003: Stopped http-remoting-connector cache from ejb container
2021-08-19 21:18:13,467 INFO  [org.infinispan.manager.DefaultCacheManager] (ServerService Thread Pool -- 93) Stopping cache manager null on null
2021-08-19 21:18:13,767 INFO  [org.jboss.as] (MSC service thread 1-2) WFLYSRV0050: Keycloak 15.0.0 (WildFly Core 15.0.1.Final) stopped in 5320ms
